<?xml version="1.0" encoding="UTF-8"?>
<testsuite xmlns:xsi="http://www.w3.org/2001/XMLSchema-instance" xsi:noNamespaceSchemaLocation="https://maven.apache.org/surefire/maven-surefire-plugin/xsd/surefire-test-report-3.0.xsd" version="3.0" name="org.example.validaciones.ValidacionSeguroTest" time="0.051" tests="5" errors="0" skipped="0" failures="0">
  <properties>
[...]
</properties>
  <testcase name="validarBeneficiario" classname="org.example.validaciones.ValidacionSeguroTest" time="0.024"/>
  <testcase name="validarMontoCobertura" classname="org.example.validaciones.ValidacionSeguroTest" time="0.001"/>
  <testcase name="validarFechaInicioCobertura" classname="org.example.validaciones.ValidacionSeguroTest" time="0.002"/>
  <testcase name="validarNombreAsegurado" classname="org.example.validaciones.ValidacionSeguroTest" time="0.001"/>
  <testcase name="validarEdadAsegurado" classname="org.example.validaciones.ValidacionSeguroTest" time="0.001"/>
</testsuite>